Arguments: 
  /usr/bin/node /usr/bin/yarn --ignore-engines

PATH: 
  /usr/local/sbin:/usr/local/bin:/usr/bin:/usr/lib/jvm/default/bin:/usr/bin/site_perl:/usr/bin/vendor_perl:/usr/bin/core_perl:/home/stefan/.gem/ruby/2.5.0/bin:/home/stefan/.gem/ruby/2.5.0/bin

Yarn version: 
  1.5.1

Node version: 
  9.9.0

Platform: 
  linux x64

npm manifest: 
  {
    "name": "gibanica-security",
    "version": "0.0.1",
    "private": true,
    "scripts": {
      "postinstall": "cd client && yarn install",
      "rails-server": "echo 'visit http://localhost:3000/hello_world' && foreman start -f Procfile.dev",
      "test": "rspec"
    }
  }

yarn manifest: 
  No manifest

Lockfile: 
  No lockfile

Trace: 
  Error: Command failed.
  Exit code: 1
  Command: sh
  Arguments: -c cd client && yarn install
  Directory: /home/stefan/github/gibanica-security/gibanica
  Output:
  
      at ProcessTermError.MessageError (/usr/lib/node_modules/yarn/lib/cli.js:186:110)
      at new ProcessTermError (/usr/lib/node_modules/yarn/lib/cli.js:226:113)
      at ChildProcess.<anonymous> (/usr/lib/node_modules/yarn/lib/cli.js:30281:17)
      at ChildProcess.emit (events.js:180:13)
      at maybeClose (internal/child_process.js:936:16)
      at Process.ChildProcess._handle.onexit (internal/child_process.js:220:5)
