Arguments: 
  /usr/bin/node /usr/bin/yarn install

PATH: 
  /home/stefan/github/gibanica-security/gibanica/node_modules/.bin:/home/stefan/.config/yarn/link/node_modules/.bin:/home/stefan/github/gibanica-security/gibanica/node_modules/.bin:/home/stefan/.config/yarn/link/node_modules/.bin:/home/stefan/.yarn/bin:/usr/libexec/lib/node_modules/npm/bin/node-gyp-bin:/usr/lib/node_modules/npm/bin/node-gyp-bin:/usr/bin/node_modules/npm/bin/node-gyp-bin:/usr/local/sbin:/usr/local/bin:/usr/bin:/usr/lib/jvm/default/bin:/usr/bin/site_perl:/usr/bin/vendor_perl:/usr/bin/core_perl:/home/stefan/.gem/ruby/2.5.0/bin:/home/stefan/.gem/ruby/2.5.0/bin

Yarn version: 
  1.5.1

Node version: 
  9.9.0

Platform: 
  linux x64

npm manifest: 
  {
    "name": "react-webpack-rails-tutorial",
    "version": "0.0.1",
    "private": true,
    "engines": {
      "node": "^6.9.0",
      "npm": "^4.1.1"
    },
    "scripts": {
      "build:test": "webpack --config webpack.config.js",
      "build:production": "NODE_ENV=production webpack --config webpack.config.js",
      "build:development": "webpack -w --config webpack.config.js"
    },
    "cacheDirectories": ["node_modules", "client/node_modules"],
    "dependencies": {
      "babel-cli": "^6.24.1",
      "babel-core": "^6.24.1",
      "babel-loader": "^6.3.2",
      "babel-runtime": "^6.23.0",
      "babel-polyfill": "^6.23.0",
      "babel-preset-es2015": "^6.24.1",
      "babel-preset-react": "^6.24.1",
      "babel-preset-stage-2": "^6.24.1",
      "es5-shim": "^4.5.9",
      "expose-loader": "^0.7.3",
      "imports-loader": "^0.7.1",
      "react": "^15.5.4",
      "react-dom": "^15.5.4",
      "react-on-rails": "6.10.1",
      "webpack": "^2.3.3"
    },
    "devDependencies": {
    }
  }

yarn manifest: 
  No manifest

Lockfile: 
  No lockfile

Trace: 
  Error: Found incompatible module
      at new MessageError (/usr/lib/node_modules/yarn/lib/cli.js:186:110)
      at Object.checkOne (/usr/lib/node_modules/yarn/lib/cli.js:62444:11)
      at /usr/lib/node_modules/yarn/lib/cli.js:22773:75
      at Generator.next (<anonymous>)
      at step (/usr/lib/node_modules/yarn/lib/cli.js:98:30)
      at /usr/lib/node_modules/yarn/lib/cli.js:116:14
      at new Promise (<anonymous>)
      at new F (/usr/lib/node_modules/yarn/lib/cli.js:23451:28)
      at /usr/lib/node_modules/yarn/lib/cli.js:95:12
      at /usr/lib/node_modules/yarn/lib/cli.js:22777:27
